<?xml version="1.0" encoding="UTF-8"?>
<!-- Generated by org.testng.reporters.JUnitXMLReporter -->
<testsuite ignored="0" hostname="DESKTOP-RT4D28D" failures="0" tests="6" name="Surefire test" time="0.277" errors="0" timestamp="18 Nov 2020 14:14:02 GMT">
  <testcase classname="qaclickacademy.maven_java1.AppiumTest" name="appiumTest1" time="0.087"/>
  <testcase classname="qaclickacademy.maven_java1.AppiumTest" name="appiumTest2" time="0.001"/>
  <testcase classname="qaclickacademy.maven_java1.RestApiTest" name="restApiTest1" time="0.001"/>
  <testcase classname="qaclickacademy.maven_java1.RestApiTest" name="restApiTest2" time="0.007"/>
  <testcase classname="qaclickacademy.maven_java1.SeleniumTest" name="seleniumTest1" time="0.005"/>
  <testcase classname="qaclickacademy.maven_java1.SeleniumTest" name="seleniumTest2" time="0.001"/>
</testsuite> <!-- Surefire test -->
