<?xml version="1.0" encoding="UTF-8"?>
<testng-results ignored="0" total="6" passed="6" failed="0" skipped="0">
  <reporter-output>
  </reporter-output>
  <suite started-at="2020-11-18T14:14:01Z" name="Surefire suite" finished-at="2020-11-18T14:14:02Z" duration-ms="277">
    <groups>
    </groups>
    <test started-at="2020-11-18T14:14:01Z" name="Surefire test" finished-at="2020-11-18T14:14:02Z" duration-ms="277">
      <class name="qaclickacademy.maven_java1.RestApiTest">
        <test-method signature="restApiTest1()[pri:0, instance:qaclickacademy.maven_java1.RestApiTest@376b4233]" started-at="2020-11-18T14:14:02Z" name="restApiTest1" finished-at="2020-11-18T14:14:02Z" duration-ms="1" status="PASS">
          <reporter-output>
          </reporter-output>
        </test-method> <!-- restApiTest1 -->
        <test-method signature="restApiTest2()[pri:0, instance:qaclickacademy.maven_java1.RestApiTest@376b4233]" started-at="2020-11-18T14:14:02Z" name="restApiTest2" finished-at="2020-11-18T14:14:02Z" duration-ms="7" status="PASS">
          <reporter-output>
          </reporter-output>
        </test-method> <!-- restApiTest2 -->
      </class> <!-- qaclickacademy.maven_java1.RestApiTest -->
      <class name="qaclickacademy.maven_java1.SeleniumTest">
        <test-method signature="seleniumTest1()[pri:0, instance:qaclickacademy.maven_java1.SeleniumTest@2fd66ad3]" started-at="2020-11-18T14:14:02Z" name="seleniumTest1" finished-at="2020-11-18T14:14:02Z" duration-ms="5" status="PASS">
          <reporter-output>
          </reporter-output>
        </test-method> <!-- seleniumTest1 -->
        <test-method signature="seleniumTest2()[pri:0, instance:qaclickacademy.maven_java1.SeleniumTest@2fd66ad3]" started-at="2020-11-18T14:14:02Z" name="seleniumTest2" finished-at="2020-11-18T14:14:02Z" duration-ms="1" status="PASS">
          <reporter-output>
          </reporter-output>
        </test-method> <!-- seleniumTest2 -->
      </class> <!-- qaclickacademy.maven_java1.SeleniumTest -->
      <class name="qaclickacademy.maven_java1.AppiumTest">
        <test-method signature="appiumTest1()[pri:0, instance:qaclickacademy.maven_java1.AppiumTest@4fcd19b3]" started-at="2020-11-18T14:14:02Z" name="appiumTest1" finished-at="2020-11-18T14:14:02Z" duration-ms="87" status="PASS">
          <reporter-output>
          </reporter-output>
        </test-method> <!-- appiumTest1 -->
        <test-method signature="appiumTest2()[pri:0, instance:qaclickacademy.maven_java1.AppiumTest@4fcd19b3]" started-at="2020-11-18T14:14:02Z" name="appiumTest2" finished-at="2020-11-18T14:14:02Z" duration-ms="1" status="PASS">
          <reporter-output>
          </reporter-output>
        </test-method> <!-- appiumTest2 -->
      </class> <!-- qaclickacademy.maven_java1.AppiumTest -->
    </test> <!-- Surefire test -->
  </suite> <!-- Surefire suite -->
</testng-results>
