<?xml version="1.0" encoding="UTF-8"?>
<testng-results ignored="0" total="2" passed="2" failed="0" skipped="0">
  <reporter-output>
  </reporter-output>
  <suite started-at="2021-01-04T01:02:53Z" name="Default suite" finished-at="2021-01-04T01:02:53Z" duration-ms="395">
    <groups>
    </groups>
    <test started-at="2021-01-04T01:02:53Z" name="Default test" finished-at="2021-01-04T01:02:53Z" duration-ms="395">
      <class name="qaclickacademy.maven_java1.SeleniumTest">
        <test-method signature="seleniumTest1()[pri:0, instance:qaclickacademy.maven_java1.SeleniumTest@1ed4ae0f]" started-at="2021-01-04T01:02:53Z" name="seleniumTest1" finished-at="2021-01-04T01:02:53Z" duration-ms="82" status="PASS">
          <reporter-output>
          </reporter-output>
        </test-method> <!-- seleniumTest1 -->
        <test-method signature="seleniumTest2()[pri:0, instance:qaclickacademy.maven_java1.SeleniumTest@1ed4ae0f]" started-at="2021-01-04T01:02:53Z" name="seleniumTest2" finished-at="2021-01-04T01:02:53Z" duration-ms="60" status="PASS">
          <reporter-output>
          </reporter-output>
        </test-method> <!-- seleniumTest2 -->
      </class> <!-- qaclickacademy.maven_java1.SeleniumTest -->
    </test> <!-- Default test -->
  </suite> <!-- Default suite -->
</testng-results>
